2020-11-10T04:07:54+00:00 CRITICAL Uncaught Error: Object of class WP_Error could not be converted to string in /opt/lampp/htdocs/wordpress/wp-content/themes/twentyseventeen/categorypage.php:23
Stack trace:
#0 /opt/lampp/htdocs/wordpress/wp-includes/template-loader.php(106): include()
#1 /opt/lampp/htdocs/wordpress/wp-blog-header.php(19): require_once('/opt/lampp/htdo...')
#2 /opt/lampp/htdocs/wordpress/index.php(17): require('/opt/lampp/htdo...')
#3 {main}
  thrown in /opt/lampp/htdocs/wordpress/wp-content/themes/twentyseventeen/categorypage.php on line 23

2020-11-10T11:00:57+00:00 CRITICAL Uncaught Error: Using $this when not in object context in /opt/lampp/htdocs/wordpress/wp-content/themes/twentyseventeen/functions.php:1147
Stack trace:
#0 /opt/lampp/htdocs/wordpress/wp-includes/shortcodes.php(343): bbloomer_recently_viewed_shortcode('', '', 'recently_viewed...')
#1 [internal function]: do_shortcode_tag(Array)
#2 /opt/lampp/htdocs/wordpress/wp-includes/shortcodes.php(218): preg_replace_callback('/\\[(\\[?)(recent...', 'do_shortcode_ta...', '[recently_viewe...')
#3 /opt/lampp/htdocs/wordpress/wp-content/plugins/woocommerce/templates/single-product.php(59): do_shortcode('[recently_viewe...')
#4 /opt/lampp/htdocs/wordpress/wp-includes/template-loader.php(106): include('/opt/lampp/htdo...')
#5 /opt/lampp/htdocs/wordpress/wp-blog-header.php(19): require_once('/opt/lampp/htdo...')
#6 /opt/lampp/htdocs/wordpress/index.php(17): require('/opt/lampp/htdo...')
#7 {main}
  thrown in /opt/lampp/htdocs/wordpress/wp-content/themes/twentyseventeen/functions.php on line 1147

2020-11-10T11:03:44+00:00 CRITICAL Uncaught Error: Using $this when not in object context in /opt/lampp/htdocs/wordpress/wp-content/themes/twentyseventeen/functions.php:1147
Stack trace:
#0 /opt/lampp/htdocs/wordpress/wp-includes/shortcodes.php(343): bbloomer_recently_viewed_shortcode('', '', 'recently_viewed...')
#1 [internal function]: do_shortcode_tag(Array)
#2 /opt/lampp/htdocs/wordpress/wp-includes/shortcodes.php(218): preg_replace_callback('/\\[(\\[?)(recent...', 'do_shortcode_ta...', '[recently_viewe...')
#3 /opt/lampp/htdocs/wordpress/wp-content/plugins/woocommerce/templates/single-product.php(59): do_shortcode('[recently_viewe...')
#4 /opt/lampp/htdocs/wordpress/wp-includes/template-loader.php(106): include('/opt/lampp/htdo...')
#5 /opt/lampp/htdocs/wordpress/wp-blog-header.php(19): require_once('/opt/lampp/htdo...')
#6 /opt/lampp/htdocs/wordpress/index.php(17): require('/opt/lampp/htdo...')
#7 {main}
  thrown in /opt/lampp/htdocs/wordpress/wp-content/themes/twentyseventeen/functions.php on line 1147

2020-11-10T11:08:45+00:00 CRITICAL Uncaught Error: Using $this when not in object context in /opt/lampp/htdocs/wordpress/wp-content/themes/twentyseventeen/functions.php:1149
Stack trace:
#0 /opt/lampp/htdocs/wordpress/wp-includes/shortcodes.php(343): bbloomer_recently_viewed_shortcode('', '', 'recently_viewed...')
#1 [internal function]: do_shortcode_tag(Array)
#2 /opt/lampp/htdocs/wordpress/wp-includes/shortcodes.php(218): preg_replace_callback('/\\[(\\[?)(recent...', 'do_shortcode_ta...', '[recently_viewe...')
#3 /opt/lampp/htdocs/wordpress/wp-content/plugins/woocommerce/templates/single-product.php(59): do_shortcode('[recently_viewe...')
#4 /opt/lampp/htdocs/wordpress/wp-includes/template-loader.php(106): include('/opt/lampp/htdo...')
#5 /opt/lampp/htdocs/wordpress/wp-blog-header.php(19): require_once('/opt/lampp/htdo...')
#6 /opt/lampp/htdocs/wordpress/index.php(17): require('/opt/lampp/htdo...')
#7 {main}
  thrown in /opt/lampp/htdocs/wordpress/wp-content/themes/twentyseventeen/functions.php on line 1149

2020-11-10T11:11:53+00:00 CRITICAL syntax error, unexpected '}', expecting end of file in /opt/lampp/htdocs/wordpress/wp-content/themes/twentyseventeen/functions.php on line 1207

2020-11-10T11:19:49+00:00 CRITICAL Uncaught Error: Using $this when not in object context in /opt/lampp/htdocs/wordpress/wp-content/themes/twentyseventeen/functions.php:1180
Stack trace:
#0 /opt/lampp/htdocs/wordpress/wp-includes/shortcodes.php(343): rc_woocommerce_recently_viewed_products(Array, '', 'woocommerce_rec...')
#1 [internal function]: do_shortcode_tag(Array)
#2 /opt/lampp/htdocs/wordpress/wp-includes/shortcodes.php(218): preg_replace_callback('/\\[(\\[?)(woocom...', 'do_shortcode_ta...', '[woocommerce_re...')
#3 /opt/lampp/htdocs/wordpress/wp-content/themes/twentyseventeen/categorypage.php(53): do_shortcode('[woocommerce_re...')
#4 /opt/lampp/htdocs/wordpress/wp-includes/template-loader.php(106): include('/opt/lampp/htdo...')
#5 /opt/lampp/htdocs/wordpress/wp-blog-header.php(19): require_once('/opt/lampp/htdo...')
#6 /opt/lampp/htdocs/wordpress/index.php(17): require('/opt/lampp/htdo...')
#7 {main}
  thrown in /opt/lampp/htdocs/wordpress/wp-content/themes/twentyseventeen/functions.php on line 1180

2020-11-10T12:26:07+00:00 CRITICAL syntax error, unexpected '–' (T_STRING), expecting ']' in /opt/lampp/htdocs/wordpress/wp-content/themes/twentyseventeen/categorypage.php on line 45

